INFO:waitress:Serving on http://0.0.0.0:5000
INFO:__main__:RECEIVED REQUEST
INFO:__main__:C:\Users\danie\Documents\perfect-pace\perfect-pace\..\perfect_pace_data\boston.gpx
INFO:__main__:CompletedProcess(args=['python', 'main.py', '-f', 'C:\\Users\\danie\\Documents\\perfect-pace\\perfect_pace_data\\boston.gpx', '-t', '100', '-p', '5', '-m', 'BFA'], returncode=0, stdout='C:\\Users\\danie\\Documents\\perfect-pace\\perfect_pace_data/results/boston/\n', stderr='')
INFO:__main__:..\perfect_pace_data\results\boston\BFA\100min_5p.json
INFO:__main__:RECEIVED REQUEST
INFO:__main__:C:\Users\danie\Documents\perfect-pace\perfect-pace\..\perfect_pace_data\boston.gpx
INFO:__main__:CompletedProcess(args=['python', 'main.py', '-f', 'C:\\Users\\danie\\Documents\\perfect-pace\\perfect_pace_data\\boston.gpx', '-t', '100', '-p', '5', '-m', 'BFA'], returncode=0, stdout='C:\\Users\\danie\\Documents\\perfect-pace\\perfect_pace_data/results/boston/\n', stderr='')
INFO:__main__:..\perfect_pace_data\results\boston\BFA\100min_5p.json
INFO:__main__:RECEIVED REQUEST
INFO:__main__:C:\Users\danie\Documents\perfect-pace\perfect-pace\..\perfect_pace_data\Lakefront-Loops-5K.gpx
INFO:__main__:CompletedProcess(args=['python', 'main.py', '-f', 'C:\\Users\\danie\\Documents\\perfect-pace\\perfect_pace_data\\Lakefront-Loops-5K.gpx', '-t', '100', '-p', '5', '-m', 'BFA'], returncode=0, stdout='C:\\Users\\danie\\Documents\\perfect-pace\\perfect_pace_data/results/Lakefront-Loops-5K/\n', stderr='')
INFO:__main__:..\perfect_pace_data\results\Lakefront-Loops-5K\BFA\100min_5p.json
INFO:__main__:DELETING FILES
INFO:__main__:Deleted directory: C:\Users\danie\Documents\perfect-pace\perfect-pace\..\perfect_pace_data\results\Lakefront-Loops-5K
INFO:__main__:C:\Users\danie\Documents\perfect-pace\perfect-pace\..\perfect_pace_data\Lakefront-Loops-5K_100min_5p.zip
INFO:__main__:Deleted zip file: C:\Users\danie\Documents\perfect-pace\perfect-pace\..\perfect_pace_data\Lakefront-Loops-5K_100min_5p.zip
INFO:__main__:RECEIVED REQUEST
INFO:__main__:C:\Users\danie\Documents\perfect-pace\perfect-pace\..\perfect_pace_data\boston.gpx
INFO:__main__:CompletedProcess(args=['python', 'main.py', '-f', 'C:\\Users\\danie\\Documents\\perfect-pace\\perfect_pace_data\\boston.gpx', '-t', '100', '-p', '5', '-m', 'BFA'], returncode=0, stdout='C:\\Users\\danie\\Documents\\perfect-pace\\perfect_pace_data/results/boston/\n', stderr='')
INFO:__main__:..\perfect_pace_data\results\boston\BFA\100min_5p.json
INFO:__main__:RECEIVED REQUEST
INFO:__main__:C:\Users\danie\Documents\perfect-pace\perfect-pace\..\perfect_pace_data\boston.gpx
INFO:__main__:CompletedProcess(args=['python', 'main.py', '-f', 'C:\\Users\\danie\\Documents\\perfect-pace\\perfect_pace_data\\boston.gpx', '-t', '100', '-p', '5', '-m', 'BFA'], returncode=0, stdout='C:\\Users\\danie\\Documents\\perfect-pace\\perfect_pace_data/results/boston/\n', stderr='')
INFO:__main__:..\perfect_pace_data\results\boston\BFA\100min_5p.json
INFO:__main__:DELETING FILES
INFO:__main__:Deleted directory: C:\Users\danie\Documents\perfect-pace\perfect-pace\..\perfect_pace_data\results\boston
INFO:__main__:C:\Users\danie\Documents\perfect-pace\perfect-pace\..\perfect_pace_data\boston_100min_5p.zip
INFO:__main__:Deleted zip file: C:\Users\danie\Documents\perfect-pace\perfect-pace\..\perfect_pace_data\boston_100min_5p.zip
INFO:__main__:RECEIVED REQUEST
INFO:__main__:C:\Users\danie\Documents\perfect-pace\perfect-pace\..\perfect_pace_data\boston.gpx
INFO:__main__:CompletedProcess(args=['python', 'main.py', '-f', 'C:\\Users\\danie\\Documents\\perfect-pace\\perfect_pace_data\\boston.gpx', '-t', '100', '-p', '5', '-m', 'BFA'], returncode=0, stdout='C:\\Users\\danie\\Documents\\perfect-pace\\perfect_pace_data/results/boston/\n', stderr='')
INFO:__main__:..\perfect_pace_data\results\boston\BFA\100min_5p.json
INFO:__main__:DELETING FILES
INFO:__main__:Deleted directory: C:\Users\danie\Documents\perfect-pace\perfect-pace\..\perfect_pace_data\results\boston
INFO:__main__:C:\Users\danie\Documents\perfect-pace\perfect-pace\..\perfect_pace_data\boston_100min_5p.zip
INFO:__main__:Deleted zip file: C:\Users\danie\Documents\perfect-pace\perfect-pace\..\perfect_pace_data\boston_100min_5p.zip
INFO:__main__:RECEIVED REQUEST
INFO:__main__:C:\Users\danie\Documents\perfect-pace\perfect-pace\..\perfect_pace_data\FH-Fox.gpx
INFO:__main__:CompletedProcess(args=['python', 'main.py', '-f', 'C:\\Users\\danie\\Documents\\perfect-pace\\perfect_pace_data\\FH-Fox.gpx', '-t', '100', '-p', '5', '-m', 'BFA'], returncode=0, stdout='C:\\Users\\danie\\Documents\\perfect-pace\\perfect_pace_data/results/FH-Fox/\n', stderr='')
INFO:__main__:..\perfect_pace_data\results\FH-Fox\BFA\100min_5p.json
INFO:__main__:DELETING FILES
INFO:__main__:Deleted directory: C:\Users\danie\Documents\perfect-pace\perfect-pace\..\perfect_pace_data\results\FH-Fox
INFO:__main__:C:\Users\danie\Documents\perfect-pace\perfect-pace\..\perfect_pace_data\FH-Fox_100min_5p.zip
INFO:__main__:Deleted zip file: C:\Users\danie\Documents\perfect-pace\perfect-pace\..\perfect_pace_data\FH-Fox_100min_5p.zip
